<?xml version="1.0" encoding="UTF-8"?>
<!-- Generated by org.testng.reporters.JUnitReportReporter -->
<testsuite skipped="0" hostname="Aozgur-Air.lan" name="Tests.VerizonMainPageTesting" tests="1" failures="0" timestamp="14 Dec 2019 08:42:07 GMT" time="8.643" errors="0">
  <testcase name="getTitle" time="8.643" classname="Tests.VerizonMainPageTesting"/>
</testsuite> <!-- Tests.VerizonMainPageTesting -->
