<?xml version="1.0" encoding="UTF-8"?>
<!-- Generated by org.testng.reporters.JUnitReportReporter -->
<testsuite skipped="0" hostname="Aozgur-Air.lan" name="Tests.ChoiceOneTabletTesting" tests="1" failures="0" timestamp="21 Nov 2019 03:53:07 GMT" time="26.101" errors="0">
  <testcase name="selectedTablet" time="26.101" classname="Tests.ChoiceOneTabletTesting"/>
</testsuite> <!-- Tests.ChoiceOneTabletTesting -->
