<?xml version="1.0" encoding="UTF-8"?>
<!-- Generated by org.testng.reporters.JUnitReportReporter -->
<testsuite skipped="0" hostname="Aozgur-Air.lan" name="Tests.VerifyItemNameTesting" tests="1" failures="0" timestamp="21 Nov 2019 03:53:07 GMT" time="41.279" errors="0">
  <testcase name="verifyItem" time="41.279" classname="Tests.VerifyItemNameTesting"/>
</testsuite> <!-- Tests.VerifyItemNameTesting -->
