<?xml version="1.0" encoding="UTF-8"?>
<!-- Generated by org.testng.reporters.JUnitReportReporter -->
<testsuite skipped="0" hostname="Aozgur-Air.lan" name="Tests.TabletFeaturesPageTesting" tests="1" failures="0" timestamp="21 Nov 2019 03:53:07 GMT" time="36.967" errors="0">
  <testcase name="selectFeaturesOfTablet" time="36.967" classname="Tests.TabletFeaturesPageTesting"/>
</testsuite> <!-- Tests.TabletFeaturesPageTesting -->
