<?xml version="1.0" encoding="UTF-8"?>
<!-- Generated by org.testng.reporters.JUnitReportReporter -->
<testsuite skipped="0" hostname="Aozgur-Air.lan" name="Tests.PhoneFeaturePageTesting" tests="1" failures="0" timestamp="19 Nov 2019 06:31:21 GMT" time="44.298" errors="0">
  <testcase name="selectFeaturesOfPhone" time="44.298" classname="Tests.PhoneFeaturePageTesting"/>
</testsuite> <!-- Tests.PhoneFeaturePageTesting -->
